[0.190s] DEBUG:colcon:Command line arguments: ['/usr/bin/colcon', 'build']
[0.190s] DEBUG:colcon:Parsed command line arguments: Namespace(log_base=None, log_level=None, verb_name='build', build_base='build', install_base='install', merge_install=False, symlink_install=False, test_result_base=None, continue_on_error=False, executor='parallel', parallel_workers=20, event_handlers=None, ignore_user_meta=False, metas=['./colcon.meta'], base_paths=['.'], packages_ignore=None, packages_ignore_regex=None, paths=None, packages_up_to=None, packages_up_to_regex=None, packages_above=None, packages_above_and_dependencies=None, packages_above_depth=None, packages_select_by_dep=None, packages_skip_by_dep=None, packages_skip_up_to=None, packages_select_build_failed=False, packages_skip_build_finished=False, packages_select_test_failures=False, packages_skip_test_passed=False, packages_select=None, packages_skip=None, packages_select_regex=None, packages_skip_regex=None, packages_start=None, packages_end=None, allow_overriding=[], cmake_args=None, cmake_target=None, cmake_target_skip_unavailable=False, cmake_clean_cache=False, cmake_clean_first=False, cmake_force_configure=False, ament_cmake_args=None, catkin_cmake_args=None, catkin_skip_building_tests=False, mixin_files=None, mixin=None, verb_parser=<colcon_mixin.mixin.mixin_argument.MixinArgumentDecorator object at 0x7a0efb87f910>, verb_extension=<colcon_core.verb.build.BuildVerb object at 0x7a0efb87f340>, main=<bound method BuildVerb.main of <colcon_core.verb.build.BuildVerb object at 0x7a0efb87f340>>, mixin_verb=('build',))
[0.464s] Level 1:colcon.colcon_core.package_discovery:discover_packages(colcon_meta) check parameters
[0.464s] Level 1:colcon.colcon_core.package_discovery:discover_packages(recursive) check parameters
[0.464s] Level 1:colcon.colcon_core.package_discovery:discover_packages(ignore) check parameters
[0.464s] Level 1:colcon.colcon_core.package_discovery:discover_packages(path) check parameters
[0.464s] Level 1:colcon.colcon_core.package_discovery:discover_packages(colcon_meta) discover
[0.464s] Level 1:colcon.colcon_core.package_discovery:discover_packages(recursive) discover
[0.464s] INFO:colcon.colcon_core.package_discovery:Crawling recursively for packages in '/home/nik/Documents/32/RIS/risn1'
[0.464s] Level 1:colcon.colcon_core.package_identification:_identify(.) by extensions ['ignore', 'ignore_ament_install']
[0.464s] Level 1:colcon.colcon_core.package_identification:_identify(.) by extension 'ignore'
[0.464s] Level 1:colcon.colcon_core.package_identification:_identify(.) by extension 'ignore_ament_install'
[0.464s] Level 1:colcon.colcon_core.package_identification:_identify(.) by extensions ['colcon_pkg']
[0.464s] Level 1:colcon.colcon_core.package_identification:_identify(.) by extension 'colcon_pkg'
[0.464s] Level 1:colcon.colcon_core.package_identification:_identify(.) by extensions ['colcon_meta']
[0.464s] Level 1:colcon.colcon_core.package_identification:_identify(.) by extension 'colcon_meta'
[0.464s] Level 1:colcon.colcon_core.package_identification:_identify(.) by extensions ['ros']
[0.464s] Level 1:colcon.colcon_core.package_identification:_identify(.) by extension 'ros'
[0.476s] Level 1:colcon.colcon_core.package_identification:_identify(.) by extensions ['cmake', 'python']
[0.476s] Level 1:colcon.colcon_core.package_identification:_identify(.) by extension 'cmake'
[0.476s] Level 1:colcon.colcon_core.package_identification:_identify(.) by extension 'python'
[0.476s] Level 1:colcon.colcon_core.package_identification:_identify(.) by extensions ['python_setup_py']
[0.476s] Level 1:colcon.colcon_core.package_identification:_identify(.) by extension 'python_setup_py'
[0.476s] Level 1:colcon.colcon_core.package_identification:_identify(build) by extensions ['ignore', 'ignore_ament_install']
[0.476s] Level 1:colcon.colcon_core.package_identification:_identify(build) by extension 'ignore'
[0.476s] Level 1:colcon.colcon_core.package_identification:_identify(build) ignored
[0.476s] Level 1:colcon.colcon_core.package_identification:_identify(install) by extensions ['ignore', 'ignore_ament_install']
[0.476s] Level 1:colcon.colcon_core.package_identification:_identify(install) by extension 'ignore'
[0.476s] Level 1:colcon.colcon_core.package_identification:_identify(install) ignored
[0.476s] Level 1:colcon.colcon_core.package_identification:_identify(log) by extensions ['ignore', 'ignore_ament_install']
[0.476s] Level 1:colcon.colcon_core.package_identification:_identify(log) by extension 'ignore'
[0.476s] Level 1:colcon.colcon_core.package_identification:_identify(log) ignored
[0.477s] Level 1:colcon.colcon_core.package_identification:_identify(src) by extensions ['ignore', 'ignore_ament_install']
[0.477s] Level 1:colcon.colcon_core.package_identification:_identify(src) by extension 'ignore'
[0.477s] Level 1:colcon.colcon_core.package_identification:_identify(src) by extension 'ignore_ament_install'
[0.477s] Level 1:colcon.colcon_core.package_identification:_identify(src) by extensions ['colcon_pkg']
[0.477s] Level 1:colcon.colcon_core.package_identification:_identify(src) by extension 'colcon_pkg'
[0.477s] Level 1:colcon.colcon_core.package_identification:_identify(src) by extensions ['colcon_meta']
[0.477s] Level 1:colcon.colcon_core.package_identification:_identify(src) by extension 'colcon_meta'
[0.477s] Level 1:colcon.colcon_core.package_identification:_identify(src) by extensions ['ros']
[0.477s] Level 1:colcon.colcon_core.package_identification:_identify(src) by extension 'ros'
[0.477s] Level 1:colcon.colcon_core.package_identification:_identify(src) by extensions ['cmake', 'python']
[0.477s] Level 1:colcon.colcon_core.package_identification:_identify(src) by extension 'cmake'
[0.477s] Level 1:colcon.colcon_core.package_identification:_identify(src) by extension 'python'
[0.477s] Level 1:colcon.colcon_core.package_identification:_identify(src) by extensions ['python_setup_py']
[0.477s] Level 1:colcon.colcon_core.package_identification:_identify(src) by extension 'python_setup_py'
[0.477s] Level 1:colcon.colcon_core.package_identification:_identify(src/dis_tutorial3) by extensions ['ignore', 'ignore_ament_install']
[0.477s] Level 1:colcon.colcon_core.package_identification:_identify(src/dis_tutorial3) by extension 'ignore'
[0.477s] Level 1:colcon.colcon_core.package_identification:_identify(src/dis_tutorial3) by extension 'ignore_ament_install'
[0.477s] Level 1:colcon.colcon_core.package_identification:_identify(src/dis_tutorial3) by extensions ['colcon_pkg']
[0.477s] Level 1:colcon.colcon_core.package_identification:_identify(src/dis_tutorial3) by extension 'colcon_pkg'
[0.477s] Level 1:colcon.colcon_core.package_identification:_identify(src/dis_tutorial3) by extensions ['colcon_meta']
[0.477s] Level 1:colcon.colcon_core.package_identification:_identify(src/dis_tutorial3) by extension 'colcon_meta'
[0.477s] Level 1:colcon.colcon_core.package_identification:_identify(src/dis_tutorial3) by extensions ['ros']
[0.477s] Level 1:colcon.colcon_core.package_identification:_identify(src/dis_tutorial3) by extension 'ros'
[0.481s] DEBUG:colcon.colcon_core.package_identification:Package 'src/dis_tutorial3' with type 'ros.ament_cmake' and name 'dis_tutorial3'
[0.481s] Level 1:colcon.colcon_core.package_discovery:discover_packages(recursive) using defaults
[0.481s] Level 1:colcon.colcon_core.package_discovery:discover_packages(ignore) discover
[0.481s] Level 1:colcon.colcon_core.package_discovery:discover_packages(ignore) using defaults
[0.482s] Level 1:colcon.colcon_core.package_discovery:discover_packages(path) discover
[0.482s] Level 1:colcon.colcon_core.package_discovery:discover_packages(path) using defaults
[0.522s] Level 1:colcon.colcon_core.package_discovery:discover_packages(prefix_path) check parameters
[0.522s] Level 1:colcon.colcon_core.package_discovery:discover_packages(prefix_path) discover
[0.532s] DEBUG:colcon.colcon_installed_package_information.package_discovery:Found 1 installed packages in /home/nik/Documents/32/RIS/risn1/install
[0.540s] DEBUG:colcon.colcon_installed_package_information.package_discovery:Found 346 installed packages in /home/nik/ros2_humble/install
[0.545s] DEBUG:colcon.colcon_installed_package_information.package_discovery:Found 387 installed packages in /opt/ros/humble
[0.557s] Level 1:colcon.colcon_core.package_discovery:discover_packages(prefix_path) using defaults
[0.617s] Level 5:colcon.colcon_core.verb:set package 'dis_tutorial3' build argument 'cmake_args' from command line to 'None'
[0.617s] Level 5:colcon.colcon_core.verb:set package 'dis_tutorial3' build argument 'cmake_target' from command line to 'None'
[0.617s] Level 5:colcon.colcon_core.verb:set package 'dis_tutorial3' build argument 'cmake_target_skip_unavailable' from command line to 'False'
[0.617s] Level 5:colcon.colcon_core.verb:set package 'dis_tutorial3' build argument 'cmake_clean_cache' from command line to 'False'
[0.617s] Level 5:colcon.colcon_core.verb:set package 'dis_tutorial3' build argument 'cmake_clean_first' from command line to 'False'
[0.617s] Level 5:colcon.colcon_core.verb:set package 'dis_tutorial3' build argument 'cmake_force_configure' from command line to 'False'
[0.617s] Level 5:colcon.colcon_core.verb:set package 'dis_tutorial3' build argument 'ament_cmake_args' from command line to 'None'
[0.617s] Level 5:colcon.colcon_core.verb:set package 'dis_tutorial3' build argument 'catkin_cmake_args' from command line to 'None'
[0.617s] Level 5:colcon.colcon_core.verb:set package 'dis_tutorial3' build argument 'catkin_skip_building_tests' from command line to 'False'
[0.617s] DEBUG:colcon.colcon_core.verb:Building package 'dis_tutorial3' with the following arguments: {'ament_cmake_args': None, 'build_base': '/home/nik/Documents/32/RIS/risn1/build/dis_tutorial3', 'catkin_cmake_args': None, 'catkin_skip_building_tests': False, 'cmake_args': None, 'cmake_clean_cache': False, 'cmake_clean_first': False, 'cmake_force_configure': False, 'cmake_target': None, 'cmake_target_skip_unavailable': False, 'install_base': '/home/nik/Documents/32/RIS/risn1/install/dis_tutorial3', 'merge_install': False, 'path': '/home/nik/Documents/32/RIS/risn1/src/dis_tutorial3', 'symlink_install': False, 'test_result_base': None}
[0.617s] INFO:colcon.colcon_core.executor:Executing jobs using 'parallel' executor
[0.619s] DEBUG:colcon.colcon_parallel_executor.executor.parallel:run_until_complete
[0.619s] INFO:colcon.colcon_ros.task.ament_cmake.build:Building ROS package in '/home/nik/Documents/32/RIS/risn1/src/dis_tutorial3' with build type 'ament_cmake'
[0.619s] INFO:colcon.colcon_cmake.task.cmake.build:Building CMake package in '/home/nik/Documents/32/RIS/risn1/src/dis_tutorial3'
[0.623s] INFO:colcon.colcon_core.plugin_system:Skipping extension 'colcon_core.shell.bat': Not used on non-Windows systems
[0.623s] INFO:colcon.colcon_core.shell:Skip shell extension 'powershell' for command environment: Not usable outside of PowerShell
[0.623s] DEBUG:colcon.colcon_core.shell:Skip shell extension 'dsv' for command environment
[0.650s] DEBUG:colcon.colcon_core.event_handler.log_command:Invoking command in '/home/nik/Documents/32/RIS/risn1/build/dis_tutorial3': CMAKE_PREFIX_PATH=${CMAKE_PREFIX_PATH}:/opt/ros/humble:/home/nik/ros2_humble/install/rqt_bag_plugins:/home/nik/ros2_humble/install/rqt_bag:/home/nik/ros2_humble/install/launch_testing_examples:/home/nik/ros2_humble/install/ros2bag:/home/nik/ros2_humble/install/tracetools_test:/home/nik/ros2_humble/install/tracetools_launch:/home/nik/ros2_humble/install/topic_monitor:/home/nik/ros2_humble/install/tf2_tools:/home/nik/ros2_humble/install/examples_tf2_py:/home/nik/ros2_humble/install/tf2_ros_py:/home/nik/ros2_humble/install/sros2:/home/nik/ros2_humble/install/rqt_topic:/home/nik/ros2_humble/install/rqt_srv:/home/nik/ros2_humble/install/rqt_shell:/home/nik/ros2_humble/install/rqt_service_caller:/home/nik/ros2_humble/install/rqt_reconfigure:/home/nik/ros2_humble/install/rqt_py_console:/home/nik/ros2_humble/install/rqt_publisher:/home/nik/ros2_humble/install/rqt_plot:/home/nik/ros2_humble/install/rqt_action:/home/nik/ros2_humble/install/rqt_msg:/home/nik/ros2_humble/install/rqt_console:/home/nik/ros2_humble/install/rqt:/home/nik/ros2_humble/install/rqt_graph:/home/nik/ros2_humble/install/rqt_gui_py:/home/nik/ros2_humble/install/rqt_gui:/home/nik/ros2_humble/install/ros2trace:/home/nik/ros2_humble/install/ros2topic:/home/nik/ros2_humble/install/ros2test:/home/nik/ros2_humble/install/ros2component:/home/nik/ros2_humble/install/ros2param:/home/nik/ros2_humble/install/ros2lifecycle:/home/nik/ros2_humble/install/ros2service:/home/nik/ros2_humble/install/ros2run:/home/nik/ros2_humble/install/ros2launch:/home/nik/ros2_humble/install/ros2pkg:/home/nik/ros2_humble/install/ros2node:/home/nik/ros2_humble/install/ros2multicast:/home/nik/ros2_humble/install/ros2interface:/home/nik/ros2_humble/install/ros2doctor:/home/nik/ros2_humble/install/ros2action:/home/nik/ros2_humble/install/ros2cli:/home/nik/ros2_humble/install/quality_of_service_demo_py:/home/nik/ros2_humble/install/lifecycle_py:/home/nik/ros2_humble/install/launch_testing_ros:/home/nik/ros2_humble/install/launch_ros:/home/nik/ros2_humble/install/examples_rclpy_pointcloud_publisher:/home/nik/ros2_humble/install/examples_rclpy_minimal_subscriber:/home/nik/ros2_humble/install/examples_rclpy_minimal_service:/home/nik/ros2_humble/install/examples_rclpy_minimal_publisher:/home/nik/ros2_humble/install/examples_rclpy_minimal_client:/home/nik/ros2_humble/install/examples_rclpy_minimal_action_server:/home/nik/ros2_humble/install/examples_rclpy_minimal_action_client:/home/nik/ros2_humble/install/examples_rclpy_guard_conditions:/home/nik/ros2_humble/install/examples_rclpy_executors:/home/nik/ros2_humble/install/demo_nodes_py:/home/nik/ros2_humble/install/camera_info_manager_py:/home/nik/ros2_humble/install/action_tutorials_py:/home/nik/ros2_humble/install/ament_uncrustify:/home/nik/ros2_humble/install/tracetools_trace:/home/nik/ros2_humble/install/tracetools_read:/home/nik/ros2_humble/install/test_tracetools_launch:/home/nik/ros2_humble/install/test_launch_ros:/home/nik/ros2_humble/install/sensor_msgs_py:/home/nik/ros2_humble/install/rpyutils:/home/nik/ros2_humble/install/rosidl_runtime_py:/home/nik/ros2_humble/install/rosidl_cli:/home/nik/ros2_humble/install/launch_pytest:/home/nik/ros2_humble/install/launch_testing:/home/nik/ros2_humble/install/launch_yaml:/home/nik/ros2_humble/install/launch_xml:/home/nik/ros2_humble/install/launch:/home/nik/ros2_humble/install/osrf_pycommon:/home/nik/ros2_humble/install/domain_coordinator:/home/nik/ros2_humble/install/ament_xmllint:/home/nik/ros2_humble/install/ament_pyflakes:/home/nik/ros2_humble/install/ament_pycodestyle:/home/nik/ros2_humble/install/ament_pep257:/home/nik/ros2_humble/install/ament_pclint:/home/nik/ros2_humble/install/ament_package:/home/nik/ros2_humble/install/ament_mypy:/home/nik/ros2_humble/install/ament_lint_cmake:/home/nik/ros2_humble/install/ament_flake8:/home/nik/ros2_humble/install/ament_copyright:/home/nik/ros2_humble/install/ament_lint:/home/nik/ros2_humble/install/ament_index_python:/home/nik/ros2_humble/install/ament_cpplint:/home/nik/ros2_humble/install/ament_cppcheck:/home/nik/ros2_humble/install/ament_clang_tidy:/home/nik/ros2_humble/install/ament_clang_format /usr/bin/cmake --build /home/nik/Documents/32/RIS/risn1/build/dis_tutorial3 -- -j20 -l20
[0.734s] DEBUG:colcon.colcon_core.event_handler.log_command:Invoked command in '/home/nik/Documents/32/RIS/risn1/build/dis_tutorial3' returned '0': CMAKE_PREFIX_PATH=${CMAKE_PREFIX_PATH}:/opt/ros/humble:/home/nik/ros2_humble/install/rqt_bag_plugins:/home/nik/ros2_humble/install/rqt_bag:/home/nik/ros2_humble/install/launch_testing_examples:/home/nik/ros2_humble/install/ros2bag:/home/nik/ros2_humble/install/tracetools_test:/home/nik/ros2_humble/install/tracetools_launch:/home/nik/ros2_humble/install/topic_monitor:/home/nik/ros2_humble/install/tf2_tools:/home/nik/ros2_humble/install/examples_tf2_py:/home/nik/ros2_humble/install/tf2_ros_py:/home/nik/ros2_humble/install/sros2:/home/nik/ros2_humble/install/rqt_topic:/home/nik/ros2_humble/install/rqt_srv:/home/nik/ros2_humble/install/rqt_shell:/home/nik/ros2_humble/install/rqt_service_caller:/home/nik/ros2_humble/install/rqt_reconfigure:/home/nik/ros2_humble/install/rqt_py_console:/home/nik/ros2_humble/install/rqt_publisher:/home/nik/ros2_humble/install/rqt_plot:/home/nik/ros2_humble/install/rqt_action:/home/nik/ros2_humble/install/rqt_msg:/home/nik/ros2_humble/install/rqt_console:/home/nik/ros2_humble/install/rqt:/home/nik/ros2_humble/install/rqt_graph:/home/nik/ros2_humble/install/rqt_gui_py:/home/nik/ros2_humble/install/rqt_gui:/home/nik/ros2_humble/install/ros2trace:/home/nik/ros2_humble/install/ros2topic:/home/nik/ros2_humble/install/ros2test:/home/nik/ros2_humble/install/ros2component:/home/nik/ros2_humble/install/ros2param:/home/nik/ros2_humble/install/ros2lifecycle:/home/nik/ros2_humble/install/ros2service:/home/nik/ros2_humble/install/ros2run:/home/nik/ros2_humble/install/ros2launch:/home/nik/ros2_humble/install/ros2pkg:/home/nik/ros2_humble/install/ros2node:/home/nik/ros2_humble/install/ros2multicast:/home/nik/ros2_humble/install/ros2interface:/home/nik/ros2_humble/install/ros2doctor:/home/nik/ros2_humble/install/ros2action:/home/nik/ros2_humble/install/ros2cli:/home/nik/ros2_humble/install/quality_of_service_demo_py:/home/nik/ros2_humble/install/lifecycle_py:/home/nik/ros2_humble/install/launch_testing_ros:/home/nik/ros2_humble/install/launch_ros:/home/nik/ros2_humble/install/examples_rclpy_pointcloud_publisher:/home/nik/ros2_humble/install/examples_rclpy_minimal_subscriber:/home/nik/ros2_humble/install/examples_rclpy_minimal_service:/home/nik/ros2_humble/install/examples_rclpy_minimal_publisher:/home/nik/ros2_humble/install/examples_rclpy_minimal_client:/home/nik/ros2_humble/install/examples_rclpy_minimal_action_server:/home/nik/ros2_humble/install/examples_rclpy_minimal_action_client:/home/nik/ros2_humble/install/examples_rclpy_guard_conditions:/home/nik/ros2_humble/install/examples_rclpy_executors:/home/nik/ros2_humble/install/demo_nodes_py:/home/nik/ros2_humble/install/camera_info_manager_py:/home/nik/ros2_humble/install/action_tutorials_py:/home/nik/ros2_humble/install/ament_uncrustify:/home/nik/ros2_humble/install/tracetools_trace:/home/nik/ros2_humble/install/tracetools_read:/home/nik/ros2_humble/install/test_tracetools_launch:/home/nik/ros2_humble/install/test_launch_ros:/home/nik/ros2_humble/install/sensor_msgs_py:/home/nik/ros2_humble/install/rpyutils:/home/nik/ros2_humble/install/rosidl_runtime_py:/home/nik/ros2_humble/install/rosidl_cli:/home/nik/ros2_humble/install/launch_pytest:/home/nik/ros2_humble/install/launch_testing:/home/nik/ros2_humble/install/launch_yaml:/home/nik/ros2_humble/install/launch_xml:/home/nik/ros2_humble/install/launch:/home/nik/ros2_humble/install/osrf_pycommon:/home/nik/ros2_humble/install/domain_coordinator:/home/nik/ros2_humble/install/ament_xmllint:/home/nik/ros2_humble/install/ament_pyflakes:/home/nik/ros2_humble/install/ament_pycodestyle:/home/nik/ros2_humble/install/ament_pep257:/home/nik/ros2_humble/install/ament_pclint:/home/nik/ros2_humble/install/ament_package:/home/nik/ros2_humble/install/ament_mypy:/home/nik/ros2_humble/install/ament_lint_cmake:/home/nik/ros2_humble/install/ament_flake8:/home/nik/ros2_humble/install/ament_copyright:/home/nik/ros2_humble/install/ament_lint:/home/nik/ros2_humble/install/ament_index_python:/home/nik/ros2_humble/install/ament_cpplint:/home/nik/ros2_humble/install/ament_cppcheck:/home/nik/ros2_humble/install/ament_clang_tidy:/home/nik/ros2_humble/install/ament_clang_format /usr/bin/cmake --build /home/nik/Documents/32/RIS/risn1/build/dis_tutorial3 -- -j20 -l20
[0.750s] DEBUG:colcon.colcon_core.event_handler.log_command:Invoking command in '/home/nik/Documents/32/RIS/risn1/build/dis_tutorial3': CMAKE_PREFIX_PATH=${CMAKE_PREFIX_PATH}:/opt/ros/humble:/home/nik/ros2_humble/install/rqt_bag_plugins:/home/nik/ros2_humble/install/rqt_bag:/home/nik/ros2_humble/install/launch_testing_examples:/home/nik/ros2_humble/install/ros2bag:/home/nik/ros2_humble/install/tracetools_test:/home/nik/ros2_humble/install/tracetools_launch:/home/nik/ros2_humble/install/topic_monitor:/home/nik/ros2_humble/install/tf2_tools:/home/nik/ros2_humble/install/examples_tf2_py:/home/nik/ros2_humble/install/tf2_ros_py:/home/nik/ros2_humble/install/sros2:/home/nik/ros2_humble/install/rqt_topic:/home/nik/ros2_humble/install/rqt_srv:/home/nik/ros2_humble/install/rqt_shell:/home/nik/ros2_humble/install/rqt_service_caller:/home/nik/ros2_humble/install/rqt_reconfigure:/home/nik/ros2_humble/install/rqt_py_console:/home/nik/ros2_humble/install/rqt_publisher:/home/nik/ros2_humble/install/rqt_plot:/home/nik/ros2_humble/install/rqt_action:/home/nik/ros2_humble/install/rqt_msg:/home/nik/ros2_humble/install/rqt_console:/home/nik/ros2_humble/install/rqt:/home/nik/ros2_humble/install/rqt_graph:/home/nik/ros2_humble/install/rqt_gui_py:/home/nik/ros2_humble/install/rqt_gui:/home/nik/ros2_humble/install/ros2trace:/home/nik/ros2_humble/install/ros2topic:/home/nik/ros2_humble/install/ros2test:/home/nik/ros2_humble/install/ros2component:/home/nik/ros2_humble/install/ros2param:/home/nik/ros2_humble/install/ros2lifecycle:/home/nik/ros2_humble/install/ros2service:/home/nik/ros2_humble/install/ros2run:/home/nik/ros2_humble/install/ros2launch:/home/nik/ros2_humble/install/ros2pkg:/home/nik/ros2_humble/install/ros2node:/home/nik/ros2_humble/install/ros2multicast:/home/nik/ros2_humble/install/ros2interface:/home/nik/ros2_humble/install/ros2doctor:/home/nik/ros2_humble/install/ros2action:/home/nik/ros2_humble/install/ros2cli:/home/nik/ros2_humble/install/quality_of_service_demo_py:/home/nik/ros2_humble/install/lifecycle_py:/home/nik/ros2_humble/install/launch_testing_ros:/home/nik/ros2_humble/install/launch_ros:/home/nik/ros2_humble/install/examples_rclpy_pointcloud_publisher:/home/nik/ros2_humble/install/examples_rclpy_minimal_subscriber:/home/nik/ros2_humble/install/examples_rclpy_minimal_service:/home/nik/ros2_humble/install/examples_rclpy_minimal_publisher:/home/nik/ros2_humble/install/examples_rclpy_minimal_client:/home/nik/ros2_humble/install/examples_rclpy_minimal_action_server:/home/nik/ros2_humble/install/examples_rclpy_minimal_action_client:/home/nik/ros2_humble/install/examples_rclpy_guard_conditions:/home/nik/ros2_humble/install/examples_rclpy_executors:/home/nik/ros2_humble/install/demo_nodes_py:/home/nik/ros2_humble/install/camera_info_manager_py:/home/nik/ros2_humble/install/action_tutorials_py:/home/nik/ros2_humble/install/ament_uncrustify:/home/nik/ros2_humble/install/tracetools_trace:/home/nik/ros2_humble/install/tracetools_read:/home/nik/ros2_humble/install/test_tracetools_launch:/home/nik/ros2_humble/install/test_launch_ros:/home/nik/ros2_humble/install/sensor_msgs_py:/home/nik/ros2_humble/install/rpyutils:/home/nik/ros2_humble/install/rosidl_runtime_py:/home/nik/ros2_humble/install/rosidl_cli:/home/nik/ros2_humble/install/launch_pytest:/home/nik/ros2_humble/install/launch_testing:/home/nik/ros2_humble/install/launch_yaml:/home/nik/ros2_humble/install/launch_xml:/home/nik/ros2_humble/install/launch:/home/nik/ros2_humble/install/osrf_pycommon:/home/nik/ros2_humble/install/domain_coordinator:/home/nik/ros2_humble/install/ament_xmllint:/home/nik/ros2_humble/install/ament_pyflakes:/home/nik/ros2_humble/install/ament_pycodestyle:/home/nik/ros2_humble/install/ament_pep257:/home/nik/ros2_humble/install/ament_pclint:/home/nik/ros2_humble/install/ament_package:/home/nik/ros2_humble/install/ament_mypy:/home/nik/ros2_humble/install/ament_lint_cmake:/home/nik/ros2_humble/install/ament_flake8:/home/nik/ros2_humble/install/ament_copyright:/home/nik/ros2_humble/install/ament_lint:/home/nik/ros2_humble/install/ament_index_python:/home/nik/ros2_humble/install/ament_cpplint:/home/nik/ros2_humble/install/ament_cppcheck:/home/nik/ros2_humble/install/ament_clang_tidy:/home/nik/ros2_humble/install/ament_clang_format /usr/bin/cmake --install /home/nik/Documents/32/RIS/risn1/build/dis_tutorial3
[0.768s] Level 1:colcon.colcon_core.environment:create_environment_scripts_only(dis_tutorial3)
[0.784s] DEBUG:colcon.colcon_core.event_handler.log_command:Invoked command in '/home/nik/Documents/32/RIS/risn1/build/dis_tutorial3' returned '0': CMAKE_PREFIX_PATH=${CMAKE_PREFIX_PATH}:/opt/ros/humble:/home/nik/ros2_humble/install/rqt_bag_plugins:/home/nik/ros2_humble/install/rqt_bag:/home/nik/ros2_humble/install/launch_testing_examples:/home/nik/ros2_humble/install/ros2bag:/home/nik/ros2_humble/install/tracetools_test:/home/nik/ros2_humble/install/tracetools_launch:/home/nik/ros2_humble/install/topic_monitor:/home/nik/ros2_humble/install/tf2_tools:/home/nik/ros2_humble/install/examples_tf2_py:/home/nik/ros2_humble/install/tf2_ros_py:/home/nik/ros2_humble/install/sros2:/home/nik/ros2_humble/install/rqt_topic:/home/nik/ros2_humble/install/rqt_srv:/home/nik/ros2_humble/install/rqt_shell:/home/nik/ros2_humble/install/rqt_service_caller:/home/nik/ros2_humble/install/rqt_reconfigure:/home/nik/ros2_humble/install/rqt_py_console:/home/nik/ros2_humble/install/rqt_publisher:/home/nik/ros2_humble/install/rqt_plot:/home/nik/ros2_humble/install/rqt_action:/home/nik/ros2_humble/install/rqt_msg:/home/nik/ros2_humble/install/rqt_console:/home/nik/ros2_humble/install/rqt:/home/nik/ros2_humble/install/rqt_graph:/home/nik/ros2_humble/install/rqt_gui_py:/home/nik/ros2_humble/install/rqt_gui:/home/nik/ros2_humble/install/ros2trace:/home/nik/ros2_humble/install/ros2topic:/home/nik/ros2_humble/install/ros2test:/home/nik/ros2_humble/install/ros2component:/home/nik/ros2_humble/install/ros2param:/home/nik/ros2_humble/install/ros2lifecycle:/home/nik/ros2_humble/install/ros2service:/home/nik/ros2_humble/install/ros2run:/home/nik/ros2_humble/install/ros2launch:/home/nik/ros2_humble/install/ros2pkg:/home/nik/ros2_humble/install/ros2node:/home/nik/ros2_humble/install/ros2multicast:/home/nik/ros2_humble/install/ros2interface:/home/nik/ros2_humble/install/ros2doctor:/home/nik/ros2_humble/install/ros2action:/home/nik/ros2_humble/install/ros2cli:/home/nik/ros2_humble/install/quality_of_service_demo_py:/home/nik/ros2_humble/install/lifecycle_py:/home/nik/ros2_humble/install/launch_testing_ros:/home/nik/ros2_humble/install/launch_ros:/home/nik/ros2_humble/install/examples_rclpy_pointcloud_publisher:/home/nik/ros2_humble/install/examples_rclpy_minimal_subscriber:/home/nik/ros2_humble/install/examples_rclpy_minimal_service:/home/nik/ros2_humble/install/examples_rclpy_minimal_publisher:/home/nik/ros2_humble/install/examples_rclpy_minimal_client:/home/nik/ros2_humble/install/examples_rclpy_minimal_action_server:/home/nik/ros2_humble/install/examples_rclpy_minimal_action_client:/home/nik/ros2_humble/install/examples_rclpy_guard_conditions:/home/nik/ros2_humble/install/examples_rclpy_executors:/home/nik/ros2_humble/install/demo_nodes_py:/home/nik/ros2_humble/install/camera_info_manager_py:/home/nik/ros2_humble/install/action_tutorials_py:/home/nik/ros2_humble/install/ament_uncrustify:/home/nik/ros2_humble/install/tracetools_trace:/home/nik/ros2_humble/install/tracetools_read:/home/nik/ros2_humble/install/test_tracetools_launch:/home/nik/ros2_humble/install/test_launch_ros:/home/nik/ros2_humble/install/sensor_msgs_py:/home/nik/ros2_humble/install/rpyutils:/home/nik/ros2_humble/install/rosidl_runtime_py:/home/nik/ros2_humble/install/rosidl_cli:/home/nik/ros2_humble/install/launch_pytest:/home/nik/ros2_humble/install/launch_testing:/home/nik/ros2_humble/install/launch_yaml:/home/nik/ros2_humble/install/launch_xml:/home/nik/ros2_humble/install/launch:/home/nik/ros2_humble/install/osrf_pycommon:/home/nik/ros2_humble/install/domain_coordinator:/home/nik/ros2_humble/install/ament_xmllint:/home/nik/ros2_humble/install/ament_pyflakes:/home/nik/ros2_humble/install/ament_pycodestyle:/home/nik/ros2_humble/install/ament_pep257:/home/nik/ros2_humble/install/ament_pclint:/home/nik/ros2_humble/install/ament_package:/home/nik/ros2_humble/install/ament_mypy:/home/nik/ros2_humble/install/ament_lint_cmake:/home/nik/ros2_humble/install/ament_flake8:/home/nik/ros2_humble/install/ament_copyright:/home/nik/ros2_humble/install/ament_lint:/home/nik/ros2_humble/install/ament_index_python:/home/nik/ros2_humble/install/ament_cpplint:/home/nik/ros2_humble/install/ament_cppcheck:/home/nik/ros2_humble/install/ament_clang_tidy:/home/nik/ros2_humble/install/ament_clang_format /usr/bin/cmake --install /home/nik/Documents/32/RIS/risn1/build/dis_tutorial3
[0.785s] Level 1:colcon.colcon_core.environment:checking '/home/nik/Documents/32/RIS/risn1/install/dis_tutorial3' for CMake module files
[0.786s] Level 1:colcon.colcon_core.environment:checking '/home/nik/Documents/32/RIS/risn1/install/dis_tutorial3' for CMake config files
[0.786s] Level 1:colcon.colcon_core.shell:create_environment_hook('dis_tutorial3', 'cmake_prefix_path')
[0.786s] INFO:colcon.colcon_core.shell:Creating environment hook '/home/nik/Documents/32/RIS/risn1/install/dis_tutorial3/share/dis_tutorial3/hook/cmake_prefix_path.ps1'
[0.787s] INFO:colcon.colcon_core.shell:Creating environment descriptor '/home/nik/Documents/32/RIS/risn1/install/dis_tutorial3/share/dis_tutorial3/hook/cmake_prefix_path.dsv'
[0.787s] INFO:colcon.colcon_core.shell:Creating environment hook '/home/nik/Documents/32/RIS/risn1/install/dis_tutorial3/share/dis_tutorial3/hook/cmake_prefix_path.sh'
[0.789s] Level 1:colcon.colcon_core.environment:checking '/home/nik/Documents/32/RIS/risn1/install/dis_tutorial3/lib'
[0.789s] Level 1:colcon.colcon_core.environment:checking '/home/nik/Documents/32/RIS/risn1/install/dis_tutorial3/bin'
[0.789s] Level 1:colcon.colcon_core.environment:checking '/home/nik/Documents/32/RIS/risn1/install/dis_tutorial3/lib/pkgconfig/dis_tutorial3.pc'
[0.789s] Level 1:colcon.colcon_core.environment:checking '/home/nik/Documents/32/RIS/risn1/install/dis_tutorial3/lib/python3.10/site-packages'
[0.789s] Level 1:colcon.colcon_core.environment:checking '/home/nik/Documents/32/RIS/risn1/install/dis_tutorial3/bin'
[0.790s] INFO:colcon.colcon_core.shell:Creating package script '/home/nik/Documents/32/RIS/risn1/install/dis_tutorial3/share/dis_tutorial3/package.ps1'
[0.790s] INFO:colcon.colcon_core.shell:Creating package descriptor '/home/nik/Documents/32/RIS/risn1/install/dis_tutorial3/share/dis_tutorial3/package.dsv'
[0.791s] INFO:colcon.colcon_core.shell:Creating package script '/home/nik/Documents/32/RIS/risn1/install/dis_tutorial3/share/dis_tutorial3/package.sh'
[0.792s] INFO:colcon.colcon_core.shell:Creating package script '/home/nik/Documents/32/RIS/risn1/install/dis_tutorial3/share/dis_tutorial3/package.bash'
[0.793s] INFO:colcon.colcon_core.shell:Creating package script '/home/nik/Documents/32/RIS/risn1/install/dis_tutorial3/share/dis_tutorial3/package.zsh'
[0.793s] Level 1:colcon.colcon_core.environment:create_file_with_runtime_dependencies(/home/nik/Documents/32/RIS/risn1/install/dis_tutorial3/share/colcon-core/packages/dis_tutorial3)
[0.794s] Level 1:colcon.colcon_core.environment:create_environment_scripts_only(dis_tutorial3)
[0.794s] Level 1:colcon.colcon_core.environment:checking '/home/nik/Documents/32/RIS/risn1/install/dis_tutorial3' for CMake module files
[0.795s] Level 1:colcon.colcon_core.environment:checking '/home/nik/Documents/32/RIS/risn1/install/dis_tutorial3' for CMake config files
[0.795s] Level 1:colcon.colcon_core.shell:create_environment_hook('dis_tutorial3', 'cmake_prefix_path')
[0.796s] INFO:colcon.colcon_core.shell:Creating environment hook '/home/nik/Documents/32/RIS/risn1/install/dis_tutorial3/share/dis_tutorial3/hook/cmake_prefix_path.ps1'
[0.797s] INFO:colcon.colcon_core.shell:Creating environment descriptor '/home/nik/Documents/32/RIS/risn1/install/dis_tutorial3/share/dis_tutorial3/hook/cmake_prefix_path.dsv'
[0.798s] INFO:colcon.colcon_core.shell:Creating environment hook '/home/nik/Documents/32/RIS/risn1/install/dis_tutorial3/share/dis_tutorial3/hook/cmake_prefix_path.sh'
[0.799s] Level 1:colcon.colcon_core.environment:checking '/home/nik/Documents/32/RIS/risn1/install/dis_tutorial3/lib'
[0.799s] Level 1:colcon.colcon_core.environment:checking '/home/nik/Documents/32/RIS/risn1/install/dis_tutorial3/bin'
[0.799s] Level 1:colcon.colcon_core.environment:checking '/home/nik/Documents/32/RIS/risn1/install/dis_tutorial3/lib/pkgconfig/dis_tutorial3.pc'
[0.799s] Level 1:colcon.colcon_core.environment:checking '/home/nik/Documents/32/RIS/risn1/install/dis_tutorial3/lib/python3.10/site-packages'
[0.800s] Level 1:colcon.colcon_core.environment:checking '/home/nik/Documents/32/RIS/risn1/install/dis_tutorial3/bin'
[0.800s] INFO:colcon.colcon_core.shell:Creating package script '/home/nik/Documents/32/RIS/risn1/install/dis_tutorial3/share/dis_tutorial3/package.ps1'
[0.801s] INFO:colcon.colcon_core.shell:Creating package descriptor '/home/nik/Documents/32/RIS/risn1/install/dis_tutorial3/share/dis_tutorial3/package.dsv'
[0.801s] INFO:colcon.colcon_core.shell:Creating package script '/home/nik/Documents/32/RIS/risn1/install/dis_tutorial3/share/dis_tutorial3/package.sh'
[0.802s] INFO:colcon.colcon_core.shell:Creating package script '/home/nik/Documents/32/RIS/risn1/install/dis_tutorial3/share/dis_tutorial3/package.bash'
[0.802s] INFO:colcon.colcon_core.shell:Creating package script '/home/nik/Documents/32/RIS/risn1/install/dis_tutorial3/share/dis_tutorial3/package.zsh'
[0.803s] Level 1:colcon.colcon_core.environment:create_file_with_runtime_dependencies(/home/nik/Documents/32/RIS/risn1/install/dis_tutorial3/share/colcon-core/packages/dis_tutorial3)
[0.803s] DEBUG:colcon.colcon_parallel_executor.executor.parallel:closing loop
[0.803s] DEBUG:colcon.colcon_parallel_executor.executor.parallel:loop closed
[0.804s] DEBUG:colcon.colcon_parallel_executor.executor.parallel:run_until_complete finished with '0'
[0.804s] DEBUG:colcon.colcon_core.event_reactor:joining thread
[0.820s] INFO:colcon.colcon_core.plugin_system:Skipping extension 'colcon_notification.desktop_notification.terminal_notifier': Not used on non-Darwin systems
[0.820s] INFO:colcon.colcon_core.plugin_system:Skipping extension 'colcon_notification.desktop_notification.win32': Not used on non-Windows systems
[0.820s] INFO:colcon.colcon_notification.desktop_notification:Sending desktop notification using 'notify2'
[0.831s] DEBUG:colcon.colcon_core.event_reactor:joined thread
[0.831s] INFO:colcon.colcon_core.shell:Creating prefix script '/home/nik/Documents/32/RIS/risn1/install/local_setup.ps1'
[0.833s] INFO:colcon.colcon_core.shell:Creating prefix util module '/home/nik/Documents/32/RIS/risn1/install/_local_setup_util_ps1.py'
[0.834s] INFO:colcon.colcon_core.shell:Creating prefix chain script '/home/nik/Documents/32/RIS/risn1/install/setup.ps1'
[0.847s] INFO:colcon.colcon_core.shell:Creating prefix script '/home/nik/Documents/32/RIS/risn1/install/local_setup.sh'
[0.848s] INFO:colcon.colcon_core.shell:Creating prefix util module '/home/nik/Documents/32/RIS/risn1/install/_local_setup_util_sh.py'
[0.848s] INFO:colcon.colcon_core.shell:Creating prefix chain script '/home/nik/Documents/32/RIS/risn1/install/setup.sh'
[0.856s] INFO:colcon.colcon_core.shell:Creating prefix script '/home/nik/Documents/32/RIS/risn1/install/local_setup.bash'
[0.857s] INFO:colcon.colcon_core.shell:Creating prefix chain script '/home/nik/Documents/32/RIS/risn1/install/setup.bash'
[0.873s] INFO:colcon.colcon_core.shell:Creating prefix script '/home/nik/Documents/32/RIS/risn1/install/local_setup.zsh'
[0.874s] INFO:colcon.colcon_core.shell:Creating prefix chain script '/home/nik/Documents/32/RIS/risn1/install/setup.zsh'
