[0.033s] Invoking command in '/home/nik/Documents/32/RIS/risn1/build/dis_tutorial3': CMAKE_PREFIX_PATH=${CMAKE_PREFIX_PATH}:/opt/ros/humble:/home/nik/ros2_humble/install/rqt_bag_plugins:/home/nik/ros2_humble/install/rqt_bag:/home/nik/ros2_humble/install/launch_testing_examples:/home/nik/ros2_humble/install/ros2bag:/home/nik/ros2_humble/install/tracetools_test:/home/nik/ros2_humble/install/tracetools_launch:/home/nik/ros2_humble/install/topic_monitor:/home/nik/ros2_humble/install/tf2_tools:/home/nik/ros2_humble/install/examples_tf2_py:/home/nik/ros2_humble/install/tf2_ros_py:/home/nik/ros2_humble/install/sros2:/home/nik/ros2_humble/install/rqt_topic:/home/nik/ros2_humble/install/rqt_srv:/home/nik/ros2_humble/install/rqt_shell:/home/nik/ros2_humble/install/rqt_service_caller:/home/nik/ros2_humble/install/rqt_reconfigure:/home/nik/ros2_humble/install/rqt_py_console:/home/nik/ros2_humble/install/rqt_publisher:/home/nik/ros2_humble/install/rqt_plot:/home/nik/ros2_humble/install/rqt_action:/home/nik/ros2_humble/install/rqt_msg:/home/nik/ros2_humble/install/rqt_console:/home/nik/ros2_humble/install/rqt:/home/nik/ros2_humble/install/rqt_graph:/home/nik/ros2_humble/install/rqt_gui_py:/home/nik/ros2_humble/install/rqt_gui:/home/nik/ros2_humble/install/ros2trace:/home/nik/ros2_humble/install/ros2topic:/home/nik/ros2_humble/install/ros2test:/home/nik/ros2_humble/install/ros2component:/home/nik/ros2_humble/install/ros2param:/home/nik/ros2_humble/install/ros2lifecycle:/home/nik/ros2_humble/install/ros2service:/home/nik/ros2_humble/install/ros2run:/home/nik/ros2_humble/install/ros2launch:/home/nik/ros2_humble/install/ros2pkg:/home/nik/ros2_humble/install/ros2node:/home/nik/ros2_humble/install/ros2multicast:/home/nik/ros2_humble/install/ros2interface:/home/nik/ros2_humble/install/ros2doctor:/home/nik/ros2_humble/install/ros2action:/home/nik/ros2_humble/install/ros2cli:/home/nik/ros2_humble/install/quality_of_service_demo_py:/home/nik/ros2_humble/install/lifecycle_py:/home/nik/ros2_humble/install/launch_testing_ros:/home/nik/ros2_humble/install/launch_ros:/home/nik/ros2_humble/install/examples_rclpy_pointcloud_publisher:/home/nik/ros2_humble/install/examples_rclpy_minimal_subscriber:/home/nik/ros2_humble/install/examples_rclpy_minimal_service:/home/nik/ros2_humble/install/examples_rclpy_minimal_publisher:/home/nik/ros2_humble/install/examples_rclpy_minimal_client:/home/nik/ros2_humble/install/examples_rclpy_minimal_action_server:/home/nik/ros2_humble/install/examples_rclpy_minimal_action_client:/home/nik/ros2_humble/install/examples_rclpy_guard_conditions:/home/nik/ros2_humble/install/examples_rclpy_executors:/home/nik/ros2_humble/install/demo_nodes_py:/home/nik/ros2_humble/install/camera_info_manager_py:/home/nik/ros2_humble/install/action_tutorials_py:/home/nik/ros2_humble/install/ament_uncrustify:/home/nik/ros2_humble/install/tracetools_trace:/home/nik/ros2_humble/install/tracetools_read:/home/nik/ros2_humble/install/test_tracetools_launch:/home/nik/ros2_humble/install/test_launch_ros:/home/nik/ros2_humble/install/sensor_msgs_py:/home/nik/ros2_humble/install/rpyutils:/home/nik/ros2_humble/install/rosidl_runtime_py:/home/nik/ros2_humble/install/rosidl_cli:/home/nik/ros2_humble/install/launch_pytest:/home/nik/ros2_humble/install/launch_testing:/home/nik/ros2_humble/install/launch_yaml:/home/nik/ros2_humble/install/launch_xml:/home/nik/ros2_humble/install/launch:/home/nik/ros2_humble/install/osrf_pycommon:/home/nik/ros2_humble/install/domain_coordinator:/home/nik/ros2_humble/install/ament_xmllint:/home/nik/ros2_humble/install/ament_pyflakes:/home/nik/ros2_humble/install/ament_pycodestyle:/home/nik/ros2_humble/install/ament_pep257:/home/nik/ros2_humble/install/ament_pclint:/home/nik/ros2_humble/install/ament_package:/home/nik/ros2_humble/install/ament_mypy:/home/nik/ros2_humble/install/ament_lint_cmake:/home/nik/ros2_humble/install/ament_flake8:/home/nik/ros2_humble/install/ament_copyright:/home/nik/ros2_humble/install/ament_lint:/home/nik/ros2_humble/install/ament_index_python:/home/nik/ros2_humble/install/ament_cpplint:/home/nik/ros2_humble/install/ament_cppcheck:/home/nik/ros2_humble/install/ament_clang_tidy:/home/nik/ros2_humble/install/ament_clang_format /usr/bin/cmake --build /home/nik/Documents/32/RIS/risn1/build/dis_tutorial3 -- -j20 -l20
[0.105s] Invoked command in '/home/nik/Documents/32/RIS/risn1/build/dis_tutorial3' returned '0': CMAKE_PREFIX_PATH=${CMAKE_PREFIX_PATH}:/opt/ros/humble:/home/nik/ros2_humble/install/rqt_bag_plugins:/home/nik/ros2_humble/install/rqt_bag:/home/nik/ros2_humble/install/launch_testing_examples:/home/nik/ros2_humble/install/ros2bag:/home/nik/ros2_humble/install/tracetools_test:/home/nik/ros2_humble/install/tracetools_launch:/home/nik/ros2_humble/install/topic_monitor:/home/nik/ros2_humble/install/tf2_tools:/home/nik/ros2_humble/install/examples_tf2_py:/home/nik/ros2_humble/install/tf2_ros_py:/home/nik/ros2_humble/install/sros2:/home/nik/ros2_humble/install/rqt_topic:/home/nik/ros2_humble/install/rqt_srv:/home/nik/ros2_humble/install/rqt_shell:/home/nik/ros2_humble/install/rqt_service_caller:/home/nik/ros2_humble/install/rqt_reconfigure:/home/nik/ros2_humble/install/rqt_py_console:/home/nik/ros2_humble/install/rqt_publisher:/home/nik/ros2_humble/install/rqt_plot:/home/nik/ros2_humble/install/rqt_action:/home/nik/ros2_humble/install/rqt_msg:/home/nik/ros2_humble/install/rqt_console:/home/nik/ros2_humble/install/rqt:/home/nik/ros2_humble/install/rqt_graph:/home/nik/ros2_humble/install/rqt_gui_py:/home/nik/ros2_humble/install/rqt_gui:/home/nik/ros2_humble/install/ros2trace:/home/nik/ros2_humble/install/ros2topic:/home/nik/ros2_humble/install/ros2test:/home/nik/ros2_humble/install/ros2component:/home/nik/ros2_humble/install/ros2param:/home/nik/ros2_humble/install/ros2lifecycle:/home/nik/ros2_humble/install/ros2service:/home/nik/ros2_humble/install/ros2run:/home/nik/ros2_humble/install/ros2launch:/home/nik/ros2_humble/install/ros2pkg:/home/nik/ros2_humble/install/ros2node:/home/nik/ros2_humble/install/ros2multicast:/home/nik/ros2_humble/install/ros2interface:/home/nik/ros2_humble/install/ros2doctor:/home/nik/ros2_humble/install/ros2action:/home/nik/ros2_humble/install/ros2cli:/home/nik/ros2_humble/install/quality_of_service_demo_py:/home/nik/ros2_humble/install/lifecycle_py:/home/nik/ros2_humble/install/launch_testing_ros:/home/nik/ros2_humble/install/launch_ros:/home/nik/ros2_humble/install/examples_rclpy_pointcloud_publisher:/home/nik/ros2_humble/install/examples_rclpy_minimal_subscriber:/home/nik/ros2_humble/install/examples_rclpy_minimal_service:/home/nik/ros2_humble/install/examples_rclpy_minimal_publisher:/home/nik/ros2_humble/install/examples_rclpy_minimal_client:/home/nik/ros2_humble/install/examples_rclpy_minimal_action_server:/home/nik/ros2_humble/install/examples_rclpy_minimal_action_client:/home/nik/ros2_humble/install/examples_rclpy_guard_conditions:/home/nik/ros2_humble/install/examples_rclpy_executors:/home/nik/ros2_humble/install/demo_nodes_py:/home/nik/ros2_humble/install/camera_info_manager_py:/home/nik/ros2_humble/install/action_tutorials_py:/home/nik/ros2_humble/install/ament_uncrustify:/home/nik/ros2_humble/install/tracetools_trace:/home/nik/ros2_humble/install/tracetools_read:/home/nik/ros2_humble/install/test_tracetools_launch:/home/nik/ros2_humble/install/test_launch_ros:/home/nik/ros2_humble/install/sensor_msgs_py:/home/nik/ros2_humble/install/rpyutils:/home/nik/ros2_humble/install/rosidl_runtime_py:/home/nik/ros2_humble/install/rosidl_cli:/home/nik/ros2_humble/install/launch_pytest:/home/nik/ros2_humble/install/launch_testing:/home/nik/ros2_humble/install/launch_yaml:/home/nik/ros2_humble/install/launch_xml:/home/nik/ros2_humble/install/launch:/home/nik/ros2_humble/install/osrf_pycommon:/home/nik/ros2_humble/install/domain_coordinator:/home/nik/ros2_humble/install/ament_xmllint:/home/nik/ros2_humble/install/ament_pyflakes:/home/nik/ros2_humble/install/ament_pycodestyle:/home/nik/ros2_humble/install/ament_pep257:/home/nik/ros2_humble/install/ament_pclint:/home/nik/ros2_humble/install/ament_package:/home/nik/ros2_humble/install/ament_mypy:/home/nik/ros2_humble/install/ament_lint_cmake:/home/nik/ros2_humble/install/ament_flake8:/home/nik/ros2_humble/install/ament_copyright:/home/nik/ros2_humble/install/ament_lint:/home/nik/ros2_humble/install/ament_index_python:/home/nik/ros2_humble/install/ament_cpplint:/home/nik/ros2_humble/install/ament_cppcheck:/home/nik/ros2_humble/install/ament_clang_tidy:/home/nik/ros2_humble/install/ament_clang_format /usr/bin/cmake --build /home/nik/Documents/32/RIS/risn1/build/dis_tutorial3 -- -j20 -l20
[0.120s] Invoking command in '/home/nik/Documents/32/RIS/risn1/build/dis_tutorial3': CMAKE_PREFIX_PATH=${CMAKE_PREFIX_PATH}:/opt/ros/humble:/home/nik/ros2_humble/install/rqt_bag_plugins:/home/nik/ros2_humble/install/rqt_bag:/home/nik/ros2_humble/install/launch_testing_examples:/home/nik/ros2_humble/install/ros2bag:/home/nik/ros2_humble/install/tracetools_test:/home/nik/ros2_humble/install/tracetools_launch:/home/nik/ros2_humble/install/topic_monitor:/home/nik/ros2_humble/install/tf2_tools:/home/nik/ros2_humble/install/examples_tf2_py:/home/nik/ros2_humble/install/tf2_ros_py:/home/nik/ros2_humble/install/sros2:/home/nik/ros2_humble/install/rqt_topic:/home/nik/ros2_humble/install/rqt_srv:/home/nik/ros2_humble/install/rqt_shell:/home/nik/ros2_humble/install/rqt_service_caller:/home/nik/ros2_humble/install/rqt_reconfigure:/home/nik/ros2_humble/install/rqt_py_console:/home/nik/ros2_humble/install/rqt_publisher:/home/nik/ros2_humble/install/rqt_plot:/home/nik/ros2_humble/install/rqt_action:/home/nik/ros2_humble/install/rqt_msg:/home/nik/ros2_humble/install/rqt_console:/home/nik/ros2_humble/install/rqt:/home/nik/ros2_humble/install/rqt_graph:/home/nik/ros2_humble/install/rqt_gui_py:/home/nik/ros2_humble/install/rqt_gui:/home/nik/ros2_humble/install/ros2trace:/home/nik/ros2_humble/install/ros2topic:/home/nik/ros2_humble/install/ros2test:/home/nik/ros2_humble/install/ros2component:/home/nik/ros2_humble/install/ros2param:/home/nik/ros2_humble/install/ros2lifecycle:/home/nik/ros2_humble/install/ros2service:/home/nik/ros2_humble/install/ros2run:/home/nik/ros2_humble/install/ros2launch:/home/nik/ros2_humble/install/ros2pkg:/home/nik/ros2_humble/install/ros2node:/home/nik/ros2_humble/install/ros2multicast:/home/nik/ros2_humble/install/ros2interface:/home/nik/ros2_humble/install/ros2doctor:/home/nik/ros2_humble/install/ros2action:/home/nik/ros2_humble/install/ros2cli:/home/nik/ros2_humble/install/quality_of_service_demo_py:/home/nik/ros2_humble/install/lifecycle_py:/home/nik/ros2_humble/install/launch_testing_ros:/home/nik/ros2_humble/install/launch_ros:/home/nik/ros2_humble/install/examples_rclpy_pointcloud_publisher:/home/nik/ros2_humble/install/examples_rclpy_minimal_subscriber:/home/nik/ros2_humble/install/examples_rclpy_minimal_service:/home/nik/ros2_humble/install/examples_rclpy_minimal_publisher:/home/nik/ros2_humble/install/examples_rclpy_minimal_client:/home/nik/ros2_humble/install/examples_rclpy_minimal_action_server:/home/nik/ros2_humble/install/examples_rclpy_minimal_action_client:/home/nik/ros2_humble/install/examples_rclpy_guard_conditions:/home/nik/ros2_humble/install/examples_rclpy_executors:/home/nik/ros2_humble/install/demo_nodes_py:/home/nik/ros2_humble/install/camera_info_manager_py:/home/nik/ros2_humble/install/action_tutorials_py:/home/nik/ros2_humble/install/ament_uncrustify:/home/nik/ros2_humble/install/tracetools_trace:/home/nik/ros2_humble/install/tracetools_read:/home/nik/ros2_humble/install/test_tracetools_launch:/home/nik/ros2_humble/install/test_launch_ros:/home/nik/ros2_humble/install/sensor_msgs_py:/home/nik/ros2_humble/install/rpyutils:/home/nik/ros2_humble/install/rosidl_runtime_py:/home/nik/ros2_humble/install/rosidl_cli:/home/nik/ros2_humble/install/launch_pytest:/home/nik/ros2_humble/install/launch_testing:/home/nik/ros2_humble/install/launch_yaml:/home/nik/ros2_humble/install/launch_xml:/home/nik/ros2_humble/install/launch:/home/nik/ros2_humble/install/osrf_pycommon:/home/nik/ros2_humble/install/domain_coordinator:/home/nik/ros2_humble/install/ament_xmllint:/home/nik/ros2_humble/install/ament_pyflakes:/home/nik/ros2_humble/install/ament_pycodestyle:/home/nik/ros2_humble/install/ament_pep257:/home/nik/ros2_humble/install/ament_pclint:/home/nik/ros2_humble/install/ament_package:/home/nik/ros2_humble/install/ament_mypy:/home/nik/ros2_humble/install/ament_lint_cmake:/home/nik/ros2_humble/install/ament_flake8:/home/nik/ros2_humble/install/ament_copyright:/home/nik/ros2_humble/install/ament_lint:/home/nik/ros2_humble/install/ament_index_python:/home/nik/ros2_humble/install/ament_cpplint:/home/nik/ros2_humble/install/ament_cppcheck:/home/nik/ros2_humble/install/ament_clang_tidy:/home/nik/ros2_humble/install/ament_clang_format /usr/bin/cmake --install /home/nik/Documents/32/RIS/risn1/build/dis_tutorial3
[0.133s] -- Install configuration: ""
[0.133s] -- Up-to-date: /home/nik/Documents/32/RIS/risn1/install/dis_tutorial3/share/dis_tutorial3//launch
[0.134s] -- Up-to-date: /home/nik/Documents/32/RIS/risn1/install/dis_tutorial3/share/dis_tutorial3//launch/localization.launch.py
[0.134s] -- Up-to-date: /home/nik/Documents/32/RIS/risn1/install/dis_tutorial3/share/dis_tutorial3//launch/ignition.launch.py
[0.134s] -- Up-to-date: /home/nik/Documents/32/RIS/risn1/install/dis_tutorial3/share/dis_tutorial3//launch/create3_nodes.launch.py
[0.134s] -- Up-to-date: /home/nik/Documents/32/RIS/risn1/install/dis_tutorial3/share/dis_tutorial3//launch/sim_turtlebot_slam.launch.py
[0.134s] -- Up-to-date: /home/nik/Documents/32/RIS/risn1/install/dis_tutorial3/share/dis_tutorial3//launch/sim_turtlebot_nav.launch.py
[0.135s] -- Up-to-date: /home/nik/Documents/32/RIS/risn1/install/dis_tutorial3/share/dis_tutorial3//launch/slam.launch.py
[0.135s] -- Up-to-date: /home/nik/Documents/32/RIS/risn1/install/dis_tutorial3/share/dis_tutorial3//launch/nav2.launch.py
[0.136s] -- Up-to-date: /home/nik/Documents/32/RIS/risn1/install/dis_tutorial3/share/dis_tutorial3//launch/dis_sim.launch.py
[0.136s] -- Up-to-date: /home/nik/Documents/32/RIS/risn1/install/dis_tutorial3/share/dis_tutorial3//launch/turtlebot4_spawn.launch.py
[0.136s] -- Up-to-date: /home/nik/Documents/32/RIS/risn1/install/dis_tutorial3/share/dis_tutorial3//launch/turtlebot4_spawn_nav.launch.py
[0.136s] -- Up-to-date: /home/nik/Documents/32/RIS/risn1/install/dis_tutorial3/share/dis_tutorial3//config
[0.136s] -- Up-to-date: /home/nik/Documents/32/RIS/risn1/install/dis_tutorial3/share/dis_tutorial3//config/laser_filter_chain.yaml
[0.136s] -- Up-to-date: /home/nik/Documents/32/RIS/risn1/install/dis_tutorial3/share/dis_tutorial3//config/localization.yaml
[0.136s] -- Up-to-date: /home/nik/Documents/32/RIS/risn1/install/dis_tutorial3/share/dis_tutorial3//config/slam.yaml
[0.136s] -- Up-to-date: /home/nik/Documents/32/RIS/risn1/install/dis_tutorial3/share/dis_tutorial3//config/nav2.yaml
[0.136s] -- Up-to-date: /home/nik/Documents/32/RIS/risn1/install/dis_tutorial3/share/dis_tutorial3//worlds
[0.136s] -- Up-to-date: /home/nik/Documents/32/RIS/risn1/install/dis_tutorial3/share/dis_tutorial3//worlds/demo1_meshes
[0.136s] -- Up-to-date: /home/nik/Documents/32/RIS/risn1/install/dis_tutorial3/share/dis_tutorial3//worlds/demo1_meshes/fakering3.jpg
[0.136s] -- Up-to-date: /home/nik/Documents/32/RIS/risn1/install/dis_tutorial3/share/dis_tutorial3//worlds/demo1_meshes/person5.png
[0.137s] -- Up-to-date: /home/nik/Documents/32/RIS/risn1/install/dis_tutorial3/share/dis_tutorial3//worlds/demo1_meshes/ground.jpg
[0.137s] -- Up-to-date: /home/nik/Documents/32/RIS/risn1/install/dis_tutorial3/share/dis_tutorial3//worlds/demo1_meshes/person3.png
[0.137s] -- Up-to-date: /home/nik/Documents/32/RIS/risn1/install/dis_tutorial3/share/dis_tutorial3//worlds/demo1_meshes/person11.png
[0.137s] -- Up-to-date: /home/nik/Documents/32/RIS/risn1/install/dis_tutorial3/share/dis_tutorial3//worlds/demo1_meshes/qr2.jpg
[0.137s] -- Up-to-date: /home/nik/Documents/32/RIS/risn1/install/dis_tutorial3/share/dis_tutorial3//worlds/demo1_meshes/person4.png
[0.137s] -- Up-to-date: /home/nik/Documents/32/RIS/risn1/install/dis_tutorial3/share/dis_tutorial3//worlds/demo1_meshes/qr1.jpg
[0.137s] -- Up-to-date: /home/nik/Documents/32/RIS/risn1/install/dis_tutorial3/share/dis_tutorial3//worlds/demo1_meshes/cylinders.jpg
[0.137s] -- Up-to-date: /home/nik/Documents/32/RIS/risn1/install/dis_tutorial3/share/dis_tutorial3//worlds/demo1_meshes/objects.jpg
[0.137s] -- Up-to-date: /home/nik/Documents/32/RIS/risn1/install/dis_tutorial3/share/dis_tutorial3//worlds/demo1_meshes/fakering2.jpg
[0.137s] -- Up-to-date: /home/nik/Documents/32/RIS/risn1/install/dis_tutorial3/share/dis_tutorial3//worlds/demo1_meshes/fakering1.jpg
[0.137s] -- Up-to-date: /home/nik/Documents/32/RIS/risn1/install/dis_tutorial3/share/dis_tutorial3//worlds/demo1_meshes/person1.png
[0.138s] -- Up-to-date: /home/nik/Documents/32/RIS/risn1/install/dis_tutorial3/share/dis_tutorial3//worlds/demo1_meshes/person2.png
[0.138s] -- Up-to-date: /home/nik/Documents/32/RIS/risn1/install/dis_tutorial3/share/dis_tutorial3//worlds/demo1_meshes/parking_space.jpg
[0.138s] -- Up-to-date: /home/nik/Documents/32/RIS/risn1/install/dis_tutorial3/share/dis_tutorial3//worlds/demo1_meshes/map_colliders.dae
[0.139s] -- Up-to-date: /home/nik/Documents/32/RIS/risn1/install/dis_tutorial3/share/dis_tutorial3//worlds/demo1_meshes/map.dae
[0.139s] -- Up-to-date: /home/nik/Documents/32/RIS/risn1/install/dis_tutorial3/share/dis_tutorial3//worlds/dis_meshes
[0.139s] -- Up-to-date: /home/nik/Documents/32/RIS/risn1/install/dis_tutorial3/share/dis_tutorial3//worlds/dis_meshes/fakering3.jpg
[0.139s] -- Up-to-date: /home/nik/Documents/32/RIS/risn1/install/dis_tutorial3/share/dis_tutorial3//worlds/dis_meshes/ground.jpg
[0.139s] -- Up-to-date: /home/nik/Documents/32/RIS/risn1/install/dis_tutorial3/share/dis_tutorial3//worlds/dis_meshes/qr2.jpg
[0.139s] -- Up-to-date: /home/nik/Documents/32/RIS/risn1/install/dis_tutorial3/share/dis_tutorial3//worlds/dis_meshes/mona1.jpg
[0.139s] -- Up-to-date: /home/nik/Documents/32/RIS/risn1/install/dis_tutorial3/share/dis_tutorial3//worlds/dis_meshes/qr1.jpg
[0.139s] -- Up-to-date: /home/nik/Documents/32/RIS/risn1/install/dis_tutorial3/share/dis_tutorial3//worlds/dis_meshes/cylinders.jpg
[0.139s] -- Up-to-date: /home/nik/Documents/32/RIS/risn1/install/dis_tutorial3/share/dis_tutorial3//worlds/dis_meshes/person1.jpg
[0.139s] -- Up-to-date: /home/nik/Documents/32/RIS/risn1/install/dis_tutorial3/share/dis_tutorial3//worlds/dis_meshes/person4.jpg
[0.139s] -- Up-to-date: /home/nik/Documents/32/RIS/risn1/install/dis_tutorial3/share/dis_tutorial3//worlds/dis_meshes/objects.jpg
[0.140s] -- Up-to-date: /home/nik/Documents/32/RIS/risn1/install/dis_tutorial3/share/dis_tutorial3//worlds/dis_meshes/fakering2.jpg
[0.140s] -- Up-to-date: /home/nik/Documents/32/RIS/risn1/install/dis_tutorial3/share/dis_tutorial3//worlds/dis_meshes/wood.jpg
[0.140s] -- Up-to-date: /home/nik/Documents/32/RIS/risn1/install/dis_tutorial3/share/dis_tutorial3//worlds/dis_meshes/fakering1.jpg
[0.140s] -- Up-to-date: /home/nik/Documents/32/RIS/risn1/install/dis_tutorial3/share/dis_tutorial3//worlds/dis_meshes/person5.jpg
[0.140s] -- Up-to-date: /home/nik/Documents/32/RIS/risn1/install/dis_tutorial3/share/dis_tutorial3//worlds/dis_meshes/parking_space.jpg
[0.140s] -- Up-to-date: /home/nik/Documents/32/RIS/risn1/install/dis_tutorial3/share/dis_tutorial3//worlds/dis_meshes/map_colliders.dae
[0.140s] -- Up-to-date: /home/nik/Documents/32/RIS/risn1/install/dis_tutorial3/share/dis_tutorial3//worlds/dis_meshes/person3.jpg
[0.140s] -- Up-to-date: /home/nik/Documents/32/RIS/risn1/install/dis_tutorial3/share/dis_tutorial3//worlds/dis_meshes/map.dae
[0.140s] -- Up-to-date: /home/nik/Documents/32/RIS/risn1/install/dis_tutorial3/share/dis_tutorial3//worlds/dis_meshes/davinci.jpg
[0.140s] -- Up-to-date: /home/nik/Documents/32/RIS/risn1/install/dis_tutorial3/share/dis_tutorial3//worlds/dis_meshes/person2.jpg
[0.140s] -- Up-to-date: /home/nik/Documents/32/RIS/risn1/install/dis_tutorial3/share/dis_tutorial3//worlds/empty.sdf
[0.140s] -- Up-to-date: /home/nik/Documents/32/RIS/risn1/install/dis_tutorial3/share/dis_tutorial3//worlds/demo4.sdf
[0.140s] -- Up-to-date: /home/nik/Documents/32/RIS/risn1/install/dis_tutorial3/share/dis_tutorial3//worlds/demo3_meshes
[0.140s] -- Up-to-date: /home/nik/Documents/32/RIS/risn1/install/dis_tutorial3/share/dis_tutorial3//worlds/demo3_meshes/person21.png
[0.140s] -- Up-to-date: /home/nik/Documents/32/RIS/risn1/install/dis_tutorial3/share/dis_tutorial3//worlds/demo3_meshes/fakering3.jpg
[0.140s] -- Up-to-date: /home/nik/Documents/32/RIS/risn1/install/dis_tutorial3/share/dis_tutorial3//worlds/demo3_meshes/ground.jpg
[0.140s] -- Up-to-date: /home/nik/Documents/32/RIS/risn1/install/dis_tutorial3/share/dis_tutorial3//worlds/demo3_meshes/person17.png
[0.140s] -- Up-to-date: /home/nik/Documents/32/RIS/risn1/install/dis_tutorial3/share/dis_tutorial3//worlds/demo3_meshes/qr2.jpg
[0.140s] -- Up-to-date: /home/nik/Documents/32/RIS/risn1/install/dis_tutorial3/share/dis_tutorial3//worlds/demo3_meshes/qr1.jpg
[0.141s] -- Up-to-date: /home/nik/Documents/32/RIS/risn1/install/dis_tutorial3/share/dis_tutorial3//worlds/demo3_meshes/black.jpg
[0.141s] -- Up-to-date: /home/nik/Documents/32/RIS/risn1/install/dis_tutorial3/share/dis_tutorial3//worlds/demo3_meshes/red.jpg
[0.141s] -- Up-to-date: /home/nik/Documents/32/RIS/risn1/install/dis_tutorial3/share/dis_tutorial3//worlds/demo3_meshes/objects.jpg
[0.141s] -- Up-to-date: /home/nik/Documents/32/RIS/risn1/install/dis_tutorial3/share/dis_tutorial3//worlds/demo3_meshes/fakering2.jpg
[0.141s] -- Up-to-date: /home/nik/Documents/32/RIS/risn1/install/dis_tutorial3/share/dis_tutorial3//worlds/demo3_meshes/green.jpg
[0.141s] -- Up-to-date: /home/nik/Documents/32/RIS/risn1/install/dis_tutorial3/share/dis_tutorial3//worlds/demo3_meshes/fakering1.jpg
[0.141s] -- Up-to-date: /home/nik/Documents/32/RIS/risn1/install/dis_tutorial3/share/dis_tutorial3//worlds/demo3_meshes/person24.png
[0.141s] -- Up-to-date: /home/nik/Documents/32/RIS/risn1/install/dis_tutorial3/share/dis_tutorial3//worlds/demo3_meshes/person15.png
[0.141s] -- Up-to-date: /home/nik/Documents/32/RIS/risn1/install/dis_tutorial3/share/dis_tutorial3//worlds/demo3_meshes/parking_space.jpg
[0.141s] -- Up-to-date: /home/nik/Documents/32/RIS/risn1/install/dis_tutorial3/share/dis_tutorial3//worlds/demo3_meshes/map_colliders.dae
[0.142s] -- Up-to-date: /home/nik/Documents/32/RIS/risn1/install/dis_tutorial3/share/dis_tutorial3//worlds/demo3_meshes/blue.jpg
[0.142s] -- Up-to-date: /home/nik/Documents/32/RIS/risn1/install/dis_tutorial3/share/dis_tutorial3//worlds/demo3_meshes/map.dae
[0.142s] -- Up-to-date: /home/nik/Documents/32/RIS/risn1/install/dis_tutorial3/share/dis_tutorial3//worlds/demo3_meshes/person22.png
[0.142s] -- Up-to-date: /home/nik/Documents/32/RIS/risn1/install/dis_tutorial3/share/dis_tutorial3//worlds/demo3_meshes/yellow.jpg
[0.142s] -- Up-to-date: /home/nik/Documents/32/RIS/risn1/install/dis_tutorial3/share/dis_tutorial3//worlds/demo2.sdf
[0.142s] -- Up-to-date: /home/nik/Documents/32/RIS/risn1/install/dis_tutorial3/share/dis_tutorial3//worlds/2024
[0.142s] -- Up-to-date: /home/nik/Documents/32/RIS/risn1/install/dis_tutorial3/share/dis_tutorial3//worlds/2024/task3_meshes
[0.142s] -- Up-to-date: /home/nik/Documents/32/RIS/risn1/install/dis_tutorial3/share/dis_tutorial3//worlds/2024/task3_meshes/easy_anomona_3.png
[0.142s] -- Up-to-date: /home/nik/Documents/32/RIS/risn1/install/dis_tutorial3/share/dis_tutorial3//worlds/2024/task3_meshes/anomona_4.png
[0.142s] -- Up-to-date: /home/nik/Documents/32/RIS/risn1/install/dis_tutorial3/share/dis_tutorial3//worlds/2024/task3_meshes/fakering3.jpg
[0.142s] -- Up-to-date: /home/nik/Documents/32/RIS/risn1/install/dis_tutorial3/share/dis_tutorial3//worlds/2024/task3_meshes/ground.jpg
[0.142s] -- Up-to-date: /home/nik/Documents/32/RIS/risn1/install/dis_tutorial3/share/dis_tutorial3//worlds/2024/task3_meshes/qr_cheat.png
[0.142s] -- Up-to-date: /home/nik/Documents/32/RIS/risn1/install/dis_tutorial3/share/dis_tutorial3//worlds/2024/task3_meshes/cylinders.jpg
[0.142s] -- Up-to-date: /home/nik/Documents/32/RIS/risn1/install/dis_tutorial3/share/dis_tutorial3//worlds/2024/task3_meshes/easy_anomona_1.png
[0.142s] -- Up-to-date: /home/nik/Documents/32/RIS/risn1/install/dis_tutorial3/share/dis_tutorial3//worlds/2024/task3_meshes/easy_anomona_0.png
[0.142s] -- Up-to-date: /home/nik/Documents/32/RIS/risn1/install/dis_tutorial3/share/dis_tutorial3//worlds/2024/task3_meshes/anomona_3.png
[0.142s] -- Up-to-date: /home/nik/Documents/32/RIS/risn1/install/dis_tutorial3/share/dis_tutorial3//worlds/2024/task3_meshes/villager5.png
[0.142s] -- Up-to-date: /home/nik/Documents/32/RIS/risn1/install/dis_tutorial3/share/dis_tutorial3//worlds/2024/task3_meshes/objects.jpg
[0.142s] -- Up-to-date: /home/nik/Documents/32/RIS/risn1/install/dis_tutorial3/share/dis_tutorial3//worlds/2024/task3_meshes/fakering2.jpg
[0.142s] -- Up-to-date: /home/nik/Documents/32/RIS/risn1/install/dis_tutorial3/share/dis_tutorial3//worlds/2024/task3_meshes/fakering1.jpg
[0.142s] -- Up-to-date: /home/nik/Documents/32/RIS/risn1/install/dis_tutorial3/share/dis_tutorial3//worlds/2024/task3_meshes/qr_url.png
[0.143s] -- Up-to-date: /home/nik/Documents/32/RIS/risn1/install/dis_tutorial3/share/dis_tutorial3//worlds/2024/task3_meshes/villager4.png
[0.143s] -- Up-to-date: /home/nik/Documents/32/RIS/risn1/install/dis_tutorial3/share/dis_tutorial3//worlds/2024/task3_meshes/easy_anomona_4.png
[0.143s] -- Up-to-date: /home/nik/Documents/32/RIS/risn1/install/dis_tutorial3/share/dis_tutorial3//worlds/2024/task3_meshes/anomona_0.png
[0.143s] -- Up-to-date: /home/nik/Documents/32/RIS/risn1/install/dis_tutorial3/share/dis_tutorial3//worlds/2024/task3_meshes/villager1.png
[0.143s] -- Up-to-date: /home/nik/Documents/32/RIS/risn1/install/dis_tutorial3/share/dis_tutorial3//worlds/2024/task3_meshes/villager3.png
[0.143s] -- Up-to-date: /home/nik/Documents/32/RIS/risn1/install/dis_tutorial3/share/dis_tutorial3//worlds/2024/task3_meshes/parking_space.jpg
[0.143s] -- Up-to-date: /home/nik/Documents/32/RIS/risn1/install/dis_tutorial3/share/dis_tutorial3//worlds/2024/task3_meshes/villager2.png
[0.143s] -- Up-to-date: /home/nik/Documents/32/RIS/risn1/install/dis_tutorial3/share/dis_tutorial3//worlds/2024/task3_meshes/map_colliders.dae
[0.143s] -- Up-to-date: /home/nik/Documents/32/RIS/risn1/install/dis_tutorial3/share/dis_tutorial3//worlds/2024/task3_meshes/qr_wrong.png
[0.143s] -- Up-to-date: /home/nik/Documents/32/RIS/risn1/install/dis_tutorial3/share/dis_tutorial3//worlds/2024/task3_meshes/easy_anomona_2.png
[0.143s] -- Up-to-date: /home/nik/Documents/32/RIS/risn1/install/dis_tutorial3/share/dis_tutorial3//worlds/2024/task3_meshes/map.dae
[0.143s] -- Up-to-date: /home/nik/Documents/32/RIS/risn1/install/dis_tutorial3/share/dis_tutorial3//worlds/2024/task3_meshes/anomona_1.png
[0.143s] -- Up-to-date: /home/nik/Documents/32/RIS/risn1/install/dis_tutorial3/share/dis_tutorial3//worlds/2024/task3_meshes/anomona_2.png
[0.143s] -- Up-to-date: /home/nik/Documents/32/RIS/risn1/install/dis_tutorial3/share/dis_tutorial3//worlds/2024/task3_meshes/mona.png
[0.143s] -- Up-to-date: /home/nik/Documents/32/RIS/risn1/install/dis_tutorial3/share/dis_tutorial3//worlds/2024/task2_demo2.sdf
[0.143s] -- Up-to-date: /home/nik/Documents/32/RIS/risn1/install/dis_tutorial3/share/dis_tutorial3//worlds/2024/task2_demo2_meshes
[0.143s] -- Up-to-date: /home/nik/Documents/32/RIS/risn1/install/dis_tutorial3/share/dis_tutorial3//worlds/2024/task2_demo2_meshes/fakering3.jpg
[0.143s] -- Up-to-date: /home/nik/Documents/32/RIS/risn1/install/dis_tutorial3/share/dis_tutorial3//worlds/2024/task2_demo2_meshes/ground.jpg
[0.143s] -- Up-to-date: /home/nik/Documents/32/RIS/risn1/install/dis_tutorial3/share/dis_tutorial3//worlds/2024/task2_demo2_meshes/cylinders.jpg
[0.143s] -- Up-to-date: /home/nik/Documents/32/RIS/risn1/install/dis_tutorial3/share/dis_tutorial3//worlds/2024/task2_demo2_meshes/objects.jpg
[0.143s] -- Up-to-date: /home/nik/Documents/32/RIS/risn1/install/dis_tutorial3/share/dis_tutorial3//worlds/2024/task2_demo2_meshes/fakering2.jpg
[0.143s] -- Up-to-date: /home/nik/Documents/32/RIS/risn1/install/dis_tutorial3/share/dis_tutorial3//worlds/2024/task2_demo2_meshes/fakering1.jpg
[0.143s] -- Up-to-date: /home/nik/Documents/32/RIS/risn1/install/dis_tutorial3/share/dis_tutorial3//worlds/2024/task2_demo2_meshes/parking_space.jpg
[0.143s] -- Up-to-date: /home/nik/Documents/32/RIS/risn1/install/dis_tutorial3/share/dis_tutorial3//worlds/2024/task2_demo2_meshes/map_colliders.dae
[0.144s] -- Up-to-date: /home/nik/Documents/32/RIS/risn1/install/dis_tutorial3/share/dis_tutorial3//worlds/2024/task2_demo2_meshes/map.dae
[0.144s] -- Up-to-date: /home/nik/Documents/32/RIS/risn1/install/dis_tutorial3/share/dis_tutorial3//worlds/2024/task3.sdf
[0.144s] -- Up-to-date: /home/nik/Documents/32/RIS/risn1/install/dis_tutorial3/share/dis_tutorial3//worlds/2024/task2_demo1_meshes
[0.144s] -- Up-to-date: /home/nik/Documents/32/RIS/risn1/install/dis_tutorial3/share/dis_tutorial3//worlds/2024/task2_demo1_meshes/fakering3.jpg
[0.144s] -- Up-to-date: /home/nik/Documents/32/RIS/risn1/install/dis_tutorial3/share/dis_tutorial3//worlds/2024/task2_demo1_meshes/ground.jpg
[0.144s] -- Up-to-date: /home/nik/Documents/32/RIS/risn1/install/dis_tutorial3/share/dis_tutorial3//worlds/2024/task2_demo1_meshes/cylinders.jpg
[0.144s] -- Up-to-date: /home/nik/Documents/32/RIS/risn1/install/dis_tutorial3/share/dis_tutorial3//worlds/2024/task2_demo1_meshes/objects.jpg
[0.144s] -- Up-to-date: /home/nik/Documents/32/RIS/risn1/install/dis_tutorial3/share/dis_tutorial3//worlds/2024/task2_demo1_meshes/fakering2.jpg
[0.144s] -- Up-to-date: /home/nik/Documents/32/RIS/risn1/install/dis_tutorial3/share/dis_tutorial3//worlds/2024/task2_demo1_meshes/fakering1.jpg
[0.144s] -- Up-to-date: /home/nik/Documents/32/RIS/risn1/install/dis_tutorial3/share/dis_tutorial3//worlds/2024/task2_demo1_meshes/parking_space.jpg
[0.144s] -- Up-to-date: /home/nik/Documents/32/RIS/risn1/install/dis_tutorial3/share/dis_tutorial3//worlds/2024/task2_demo1_meshes/map_colliders.dae
[0.144s] -- Up-to-date: /home/nik/Documents/32/RIS/risn1/install/dis_tutorial3/share/dis_tutorial3//worlds/2024/task2_demo1_meshes/map.dae
[0.144s] -- Up-to-date: /home/nik/Documents/32/RIS/risn1/install/dis_tutorial3/share/dis_tutorial3//worlds/2024/task2_demo1.sdf
[0.144s] -- Up-to-date: /home/nik/Documents/32/RIS/risn1/install/dis_tutorial3/share/dis_tutorial3//worlds/demo1.sdf
[0.144s] -- Up-to-date: /home/nik/Documents/32/RIS/risn1/install/dis_tutorial3/share/dis_tutorial3//worlds/demo2_meshes
[0.145s] -- Up-to-date: /home/nik/Documents/32/RIS/risn1/install/dis_tutorial3/share/dis_tutorial3//worlds/demo2_meshes/person8.png
[0.145s] -- Up-to-date: /home/nik/Documents/32/RIS/risn1/install/dis_tutorial3/share/dis_tutorial3//worlds/demo2_meshes/person7.png
[0.145s] -- Up-to-date: /home/nik/Documents/32/RIS/risn1/install/dis_tutorial3/share/dis_tutorial3//worlds/demo2_meshes/fakering3.jpg
[0.145s] -- Up-to-date: /home/nik/Documents/32/RIS/risn1/install/dis_tutorial3/share/dis_tutorial3//worlds/demo2_meshes/ground.jpg
[0.145s] -- Up-to-date: /home/nik/Documents/32/RIS/risn1/install/dis_tutorial3/share/dis_tutorial3//worlds/demo2_meshes/qr2.jpg
[0.145s] -- Up-to-date: /home/nik/Documents/32/RIS/risn1/install/dis_tutorial3/share/dis_tutorial3//worlds/demo2_meshes/qr1.jpg
[0.145s] -- Up-to-date: /home/nik/Documents/32/RIS/risn1/install/dis_tutorial3/share/dis_tutorial3//worlds/demo2_meshes/person9.png
[0.145s] -- Up-to-date: /home/nik/Documents/32/RIS/risn1/install/dis_tutorial3/share/dis_tutorial3//worlds/demo2_meshes/cylinders.jpg
[0.145s] -- Up-to-date: /home/nik/Documents/32/RIS/risn1/install/dis_tutorial3/share/dis_tutorial3//worlds/demo2_meshes/person18.png
[0.145s] -- Up-to-date: /home/nik/Documents/32/RIS/risn1/install/dis_tutorial3/share/dis_tutorial3//worlds/demo2_meshes/objects.jpg
[0.145s] -- Up-to-date: /home/nik/Documents/32/RIS/risn1/install/dis_tutorial3/share/dis_tutorial3//worlds/demo2_meshes/fakering2.jpg
[0.145s] -- Up-to-date: /home/nik/Documents/32/RIS/risn1/install/dis_tutorial3/share/dis_tutorial3//worlds/demo2_meshes/fakering1.jpg
[0.145s] -- Up-to-date: /home/nik/Documents/32/RIS/risn1/install/dis_tutorial3/share/dis_tutorial3//worlds/demo2_meshes/person6.png
[0.145s] -- Up-to-date: /home/nik/Documents/32/RIS/risn1/install/dis_tutorial3/share/dis_tutorial3//worlds/demo2_meshes/person20.png
[0.145s] -- Up-to-date: /home/nik/Documents/32/RIS/risn1/install/dis_tutorial3/share/dis_tutorial3//worlds/demo2_meshes/parking_space.jpg
[0.145s] -- Up-to-date: /home/nik/Documents/32/RIS/risn1/install/dis_tutorial3/share/dis_tutorial3//worlds/demo2_meshes/map_colliders.dae
[0.145s] -- Up-to-date: /home/nik/Documents/32/RIS/risn1/install/dis_tutorial3/share/dis_tutorial3//worlds/demo2_meshes/map.dae
[0.145s] -- Up-to-date: /home/nik/Documents/32/RIS/risn1/install/dis_tutorial3/share/dis_tutorial3//worlds/demo3.sdf
[0.145s] -- Up-to-date: /home/nik/Documents/32/RIS/risn1/install/dis_tutorial3/share/dis_tutorial3//worlds/dis.sdf
[0.145s] -- Up-to-date: /home/nik/Documents/32/RIS/risn1/install/dis_tutorial3/share/dis_tutorial3//worlds/demo4_meshes
[0.145s] -- Up-to-date: /home/nik/Documents/32/RIS/risn1/install/dis_tutorial3/share/dis_tutorial3//worlds/demo4_meshes/person2.png.001.png
[0.146s] -- Up-to-date: /home/nik/Documents/32/RIS/risn1/install/dis_tutorial3/share/dis_tutorial3//worlds/demo4_meshes/fakering3.jpg
[0.146s] -- Up-to-date: /home/nik/Documents/32/RIS/risn1/install/dis_tutorial3/share/dis_tutorial3//worlds/demo4_meshes/ground.jpg
[0.146s] -- Up-to-date: /home/nik/Documents/32/RIS/risn1/install/dis_tutorial3/share/dis_tutorial3//worlds/demo4_meshes/qr2.jpg
[0.146s] -- Up-to-date: /home/nik/Documents/32/RIS/risn1/install/dis_tutorial3/share/dis_tutorial3//worlds/demo4_meshes/person4.png.001.png
[0.146s] -- Up-to-date: /home/nik/Documents/32/RIS/risn1/install/dis_tutorial3/share/dis_tutorial3//worlds/demo4_meshes/qr1.jpg
[0.146s] -- Up-to-date: /home/nik/Documents/32/RIS/risn1/install/dis_tutorial3/share/dis_tutorial3//worlds/demo4_meshes/black.jpg
[0.146s] -- Up-to-date: /home/nik/Documents/32/RIS/risn1/install/dis_tutorial3/share/dis_tutorial3//worlds/demo4_meshes/person3.png.001.png
[0.146s] -- Up-to-date: /home/nik/Documents/32/RIS/risn1/install/dis_tutorial3/share/dis_tutorial3//worlds/demo4_meshes/red.jpg
[0.146s] -- Up-to-date: /home/nik/Documents/32/RIS/risn1/install/dis_tutorial3/share/dis_tutorial3//worlds/demo4_meshes/objects.jpg
[0.146s] -- Up-to-date: /home/nik/Documents/32/RIS/risn1/install/dis_tutorial3/share/dis_tutorial3//worlds/demo4_meshes/fakering2.jpg
[0.147s] -- Up-to-date: /home/nik/Documents/32/RIS/risn1/install/dis_tutorial3/share/dis_tutorial3//worlds/demo4_meshes/person13.png
[0.147s] -- Up-to-date: /home/nik/Documents/32/RIS/risn1/install/dis_tutorial3/share/dis_tutorial3//worlds/demo4_meshes/green.jpg
[0.147s] -- Up-to-date: /home/nik/Documents/32/RIS/risn1/install/dis_tutorial3/share/dis_tutorial3//worlds/demo4_meshes/fakering1.jpg
[0.147s] -- Up-to-date: /home/nik/Documents/32/RIS/risn1/install/dis_tutorial3/share/dis_tutorial3//worlds/demo4_meshes/person6.png
[0.147s] -- Up-to-date: /home/nik/Documents/32/RIS/risn1/install/dis_tutorial3/share/dis_tutorial3//worlds/demo4_meshes/parking_space.jpg
[0.147s] -- Up-to-date: /home/nik/Documents/32/RIS/risn1/install/dis_tutorial3/share/dis_tutorial3//worlds/demo4_meshes/map_colliders.dae
[0.147s] -- Up-to-date: /home/nik/Documents/32/RIS/risn1/install/dis_tutorial3/share/dis_tutorial3//worlds/demo4_meshes/blue.jpg
[0.147s] -- Up-to-date: /home/nik/Documents/32/RIS/risn1/install/dis_tutorial3/share/dis_tutorial3//worlds/demo4_meshes/map.dae
[0.147s] -- Up-to-date: /home/nik/Documents/32/RIS/risn1/install/dis_tutorial3/share/dis_tutorial3//worlds/demo4_meshes/person5.png.001.png
[0.147s] -- Up-to-date: /home/nik/Documents/32/RIS/risn1/install/dis_tutorial3/share/dis_tutorial3//worlds/demo4_meshes/yellow.jpg
[0.147s] -- Up-to-date: /home/nik/Documents/32/RIS/risn1/install/dis_tutorial3/share/dis_tutorial3//maps
[0.148s] -- Up-to-date: /home/nik/Documents/32/RIS/risn1/install/dis_tutorial3/share/dis_tutorial3//maps/my_map.pgm
[0.148s] -- Up-to-date: /home/nik/Documents/32/RIS/risn1/install/dis_tutorial3/share/dis_tutorial3//maps/map.pgm
[0.148s] -- Up-to-date: /home/nik/Documents/32/RIS/risn1/install/dis_tutorial3/share/dis_tutorial3//maps/my_map.yaml
[0.148s] -- Up-to-date: /home/nik/Documents/32/RIS/risn1/install/dis_tutorial3/share/dis_tutorial3//maps/map.yaml
[0.148s] -- Up-to-date: /home/nik/Documents/32/RIS/risn1/install/dis_tutorial3/lib/dis_tutorial3/detect_people.py
[0.148s] -- Up-to-date: /home/nik/Documents/32/RIS/risn1/install/dis_tutorial3/lib/dis_tutorial3/robot_commander.py
[0.148s] -- Up-to-date: /home/nik/Documents/32/RIS/risn1/install/dis_tutorial3/lib/dis_tutorial3/dp2.py
[0.148s] -- Up-to-date: /home/nik/Documents/32/RIS/risn1/install/dis_tutorial3/lib/dis_tutorial3/clicked_point_listener.py
[0.148s] -- Up-to-date: /home/nik/Documents/32/RIS/risn1/install/dis_tutorial3/lib/dis_tutorial3/start_round.py
[0.148s] -- Up-to-date: /home/nik/Documents/32/RIS/risn1/install/dis_tutorial3/lib/dis_tutorial3/get_coords.py
[0.148s] -- Up-to-date: /home/nik/Documents/32/RIS/risn1/install/dis_tutorial3/lib/dis_tutorial3/detect_rings.py
[0.148s] -- Up-to-date: /home/nik/Documents/32/RIS/risn1/install/dis_tutorial3/lib/dis_tutorial3/dr2.py
[0.148s] -- Up-to-date: /home/nik/Documents/32/RIS/risn1/install/dis_tutorial3/lib/dis_tutorial3/dr3.py
[0.148s] -- Up-to-date: /home/nik/Documents/32/RIS/risn1/install/dis_tutorial3/lib/dis_tutorial3/dr4.py
[0.148s] -- Up-to-date: /home/nik/Documents/32/RIS/risn1/install/dis_tutorial3/lib/dis_tutorial3/detect_people_custom.py
[0.148s] -- Installing: /home/nik/Documents/32/RIS/risn1/install/dis_tutorial3/lib/dis_tutorial3/face_filter.py
[0.148s] -- Up-to-date: /home/nik/Documents/32/RIS/risn1/install/dis_tutorial3/share/ament_index/resource_index/package_run_dependencies/dis_tutorial3
[0.148s] -- Up-to-date: /home/nik/Documents/32/RIS/risn1/install/dis_tutorial3/share/ament_index/resource_index/parent_prefix_path/dis_tutorial3
[0.148s] -- Up-to-date: /home/nik/Documents/32/RIS/risn1/install/dis_tutorial3/share/dis_tutorial3/environment/ament_prefix_path.sh
[0.148s] -- Up-to-date: /home/nik/Documents/32/RIS/risn1/install/dis_tutorial3/share/dis_tutorial3/environment/ament_prefix_path.dsv
[0.149s] -- Up-to-date: /home/nik/Documents/32/RIS/risn1/install/dis_tutorial3/share/dis_tutorial3/environment/path.sh
[0.149s] -- Up-to-date: /home/nik/Documents/32/RIS/risn1/install/dis_tutorial3/share/dis_tutorial3/environment/path.dsv
[0.149s] -- Up-to-date: /home/nik/Documents/32/RIS/risn1/install/dis_tutorial3/share/dis_tutorial3/local_setup.bash
[0.149s] -- Up-to-date: /home/nik/Documents/32/RIS/risn1/install/dis_tutorial3/share/dis_tutorial3/local_setup.sh
[0.149s] -- Up-to-date: /home/nik/Documents/32/RIS/risn1/install/dis_tutorial3/share/dis_tutorial3/local_setup.zsh
[0.149s] -- Up-to-date: /home/nik/Documents/32/RIS/risn1/install/dis_tutorial3/share/dis_tutorial3/local_setup.dsv
[0.149s] -- Installing: /home/nik/Documents/32/RIS/risn1/install/dis_tutorial3/share/dis_tutorial3/package.dsv
[0.149s] -- Up-to-date: /home/nik/Documents/32/RIS/risn1/install/dis_tutorial3/share/ament_index/resource_index/packages/dis_tutorial3
[0.149s] -- Up-to-date: /home/nik/Documents/32/RIS/risn1/install/dis_tutorial3/share/dis_tutorial3/cmake/dis_tutorial3Config.cmake
[0.149s] -- Up-to-date: /home/nik/Documents/32/RIS/risn1/install/dis_tutorial3/share/dis_tutorial3/cmake/dis_tutorial3Config-version.cmake
[0.149s] -- Up-to-date: /home/nik/Documents/32/RIS/risn1/install/dis_tutorial3/share/dis_tutorial3/package.xml
[0.149s] Invoked command in '/home/nik/Documents/32/RIS/risn1/build/dis_tutorial3' returned '0': CMAKE_PREFIX_PATH=${CMAKE_PREFIX_PATH}:/opt/ros/humble:/home/nik/ros2_humble/install/rqt_bag_plugins:/home/nik/ros2_humble/install/rqt_bag:/home/nik/ros2_humble/install/launch_testing_examples:/home/nik/ros2_humble/install/ros2bag:/home/nik/ros2_humble/install/tracetools_test:/home/nik/ros2_humble/install/tracetools_launch:/home/nik/ros2_humble/install/topic_monitor:/home/nik/ros2_humble/install/tf2_tools:/home/nik/ros2_humble/install/examples_tf2_py:/home/nik/ros2_humble/install/tf2_ros_py:/home/nik/ros2_humble/install/sros2:/home/nik/ros2_humble/install/rqt_topic:/home/nik/ros2_humble/install/rqt_srv:/home/nik/ros2_humble/install/rqt_shell:/home/nik/ros2_humble/install/rqt_service_caller:/home/nik/ros2_humble/install/rqt_reconfigure:/home/nik/ros2_humble/install/rqt_py_console:/home/nik/ros2_humble/install/rqt_publisher:/home/nik/ros2_humble/install/rqt_plot:/home/nik/ros2_humble/install/rqt_action:/home/nik/ros2_humble/install/rqt_msg:/home/nik/ros2_humble/install/rqt_console:/home/nik/ros2_humble/install/rqt:/home/nik/ros2_humble/install/rqt_graph:/home/nik/ros2_humble/install/rqt_gui_py:/home/nik/ros2_humble/install/rqt_gui:/home/nik/ros2_humble/install/ros2trace:/home/nik/ros2_humble/install/ros2topic:/home/nik/ros2_humble/install/ros2test:/home/nik/ros2_humble/install/ros2component:/home/nik/ros2_humble/install/ros2param:/home/nik/ros2_humble/install/ros2lifecycle:/home/nik/ros2_humble/install/ros2service:/home/nik/ros2_humble/install/ros2run:/home/nik/ros2_humble/install/ros2launch:/home/nik/ros2_humble/install/ros2pkg:/home/nik/ros2_humble/install/ros2node:/home/nik/ros2_humble/install/ros2multicast:/home/nik/ros2_humble/install/ros2interface:/home/nik/ros2_humble/install/ros2doctor:/home/nik/ros2_humble/install/ros2action:/home/nik/ros2_humble/install/ros2cli:/home/nik/ros2_humble/install/quality_of_service_demo_py:/home/nik/ros2_humble/install/lifecycle_py:/home/nik/ros2_humble/install/launch_testing_ros:/home/nik/ros2_humble/install/launch_ros:/home/nik/ros2_humble/install/examples_rclpy_pointcloud_publisher:/home/nik/ros2_humble/install/examples_rclpy_minimal_subscriber:/home/nik/ros2_humble/install/examples_rclpy_minimal_service:/home/nik/ros2_humble/install/examples_rclpy_minimal_publisher:/home/nik/ros2_humble/install/examples_rclpy_minimal_client:/home/nik/ros2_humble/install/examples_rclpy_minimal_action_server:/home/nik/ros2_humble/install/examples_rclpy_minimal_action_client:/home/nik/ros2_humble/install/examples_rclpy_guard_conditions:/home/nik/ros2_humble/install/examples_rclpy_executors:/home/nik/ros2_humble/install/demo_nodes_py:/home/nik/ros2_humble/install/camera_info_manager_py:/home/nik/ros2_humble/install/action_tutorials_py:/home/nik/ros2_humble/install/ament_uncrustify:/home/nik/ros2_humble/install/tracetools_trace:/home/nik/ros2_humble/install/tracetools_read:/home/nik/ros2_humble/install/test_tracetools_launch:/home/nik/ros2_humble/install/test_launch_ros:/home/nik/ros2_humble/install/sensor_msgs_py:/home/nik/ros2_humble/install/rpyutils:/home/nik/ros2_humble/install/rosidl_runtime_py:/home/nik/ros2_humble/install/rosidl_cli:/home/nik/ros2_humble/install/launch_pytest:/home/nik/ros2_humble/install/launch_testing:/home/nik/ros2_humble/install/launch_yaml:/home/nik/ros2_humble/install/launch_xml:/home/nik/ros2_humble/install/launch:/home/nik/ros2_humble/install/osrf_pycommon:/home/nik/ros2_humble/install/domain_coordinator:/home/nik/ros2_humble/install/ament_xmllint:/home/nik/ros2_humble/install/ament_pyflakes:/home/nik/ros2_humble/install/ament_pycodestyle:/home/nik/ros2_humble/install/ament_pep257:/home/nik/ros2_humble/install/ament_pclint:/home/nik/ros2_humble/install/ament_package:/home/nik/ros2_humble/install/ament_mypy:/home/nik/ros2_humble/install/ament_lint_cmake:/home/nik/ros2_humble/install/ament_flake8:/home/nik/ros2_humble/install/ament_copyright:/home/nik/ros2_humble/install/ament_lint:/home/nik/ros2_humble/install/ament_index_python:/home/nik/ros2_humble/install/ament_cpplint:/home/nik/ros2_humble/install/ament_cppcheck:/home/nik/ros2_humble/install/ament_clang_tidy:/home/nik/ros2_humble/install/ament_clang_format /usr/bin/cmake --install /home/nik/Documents/32/RIS/risn1/build/dis_tutorial3
